
2013-10-26 16:28:41
[WARN]-[Thread: qtp33459432-23]-[com.jfinal.plugin.ehcache.CacheKit.getOrAddCache()]: Could not find cache config [initMenu], using default.

2013-10-26 16:51:13
[WARN]-[Thread: qtp13599389-27]-[com.jfinal.plugin.ehcache.CacheKit.getOrAddCache()]: Could not find cache config [initMenu], using default.

2013-10-28 16:42:44
[WARN]-[Thread: qtp30708295-27]-[com.jfinal.plugin.ehcache.CacheKit.getOrAddCache()]: Could not find cache config [initMenu], using default.

2013-10-28 16:45:18
[WARN]-[Thread: qtp30708295-22]-[net.sf.ehcache.constructs.web.filter.Filter.logThrowable()]: Throwable thrown during doFilter on request with URI: /bui/js/bui-min.js and Query: nullnull
org.eclipse.jetty.io.EofException
	at org.eclipse.jetty.http.HttpGenerator.flushBuffer(HttpGenerator.java:914)
	at org.eclipse.jetty.http.HttpGenerator.complete(HttpGenerator.java:798)
	at org.eclipse.jetty.server.AbstractHttpConnection.commitResponse(AbstractHttpConnection.java:615)
	at org.eclipse.jetty.server.AbstractHttpConnection$Output.sendContent(AbstractHttpConnection.java:1169)
	at org.eclipse.jetty.servlet.DefaultServlet.sendData(DefaultServlet.java:831)
	at org.eclipse.jetty.servlet.DefaultServlet.doGet(DefaultServlet.java:513)
	at javax.servlet.http.HttpServlet.service(HttpServlet.java:707)
	at javax.servlet.http.HttpServlet.service(HttpServlet.java:820)
	at org.eclipse.jetty.servlet.ServletHolder.handle(ServletHolder.java:669)
	at org.eclipse.jetty.servlet.ServletHandler$CachedChain.doFilter(ServletHandler.java:1336)
	at com.jfinal.core.JFinalFilter.doFilter(JFinalFilter.java:82)
	at org.eclipse.jetty.servlet.ServletHandler$CachedChain.doFilter(ServletHandler.java:1307)
	at com.hewep.common.PageEhCacheFilter.doFilter(PageEhCacheFilter.java:73)
	at net.sf.ehcache.constructs.web.filter.Filter.doFilter(Filter.java:86)
	at org.eclipse.jetty.servlet.ServletHandler$CachedChain.doFilter(ServletHandler.java:1307)
	at org.eclipse.jetty.servlet.ServletHandler.doHandle(ServletHandler.java:453)
	at org.eclipse.jetty.server.handler.ScopedHandler.handle(ScopedHandler.java:137)
	at org.eclipse.jetty.security.SecurityHandler.handle(SecurityHandler.java:560)
	at org.eclipse.jetty.server.session.SessionHandler.doHandle(SessionHandler.java:231)
	at org.eclipse.jetty.server.handler.ContextHandler.doHandle(ContextHandler.java:1072)
	at org.eclipse.jetty.servlet.ServletHandler.doScope(ServletHandler.java:382)
	at org.eclipse.jetty.server.session.SessionHandler.doScope(SessionHandler.java:193)
	at org.eclipse.jetty.server.handler.ContextHandler.doScope(ContextHandler.java:1006)
	at org.eclipse.jetty.server.handler.ScopedHandler.handle(ScopedHandler.java:135)
	at org.eclipse.jetty.server.handler.HandlerWrapper.handle(HandlerWrapper.java:116)
	at org.eclipse.jetty.server.Server.handle(Server.java:365)
	at org.eclipse.jetty.server.AbstractHttpConnection.handleRequest(AbstractHttpConnection.java:485)
	at org.eclipse.jetty.server.AbstractHttpConnection.headerComplete(AbstractHttpConnection.java:926)
	at org.eclipse.jetty.server.AbstractHttpConnection$RequestHandler.headerComplete(AbstractHttpConnection.java:988)
	at org.eclipse.jetty.http.HttpParser.parseNext(HttpParser.java:635)
	at org.eclipse.jetty.http.HttpParser.parseAvailable(HttpParser.java:235)
	at org.eclipse.jetty.server.AsyncHttpConnection.handle(AsyncHttpConnection.java:82)
	at org.eclipse.jetty.io.nio.SelectChannelEndPoint.handle(SelectChannelEndPoint.java:628)
	at org.eclipse.jetty.io.nio.SelectChannelEndPoint$1.run(SelectChannelEndPoint.java:52)
	at org.eclipse.jetty.util.thread.QueuedThreadPool.runJob(QueuedThreadPool.java:608)
	at org.eclipse.jetty.util.thread.QueuedThreadPool$3.run(QueuedThreadPool.java:543)
	at java.lang.Thread.run(Thread.java:619)
Caused by: java.io.IOException: 远程主机强迫关闭了一个现有的连接。
	at sun.nio.ch.SocketDispatcher.writev0(Native Method)
	at sun.nio.ch.SocketDispatcher.writev(SocketDispatcher.java:37)
	at sun.nio.ch.IOUtil.write(IOUtil.java:164)
	at sun.nio.ch.SocketChannelImpl.write0(SocketChannelImpl.java:365)
	at sun.nio.ch.SocketChannelImpl.write(SocketChannelImpl.java:388)
	at java.nio.channels.SocketChannel.write(SocketChannel.java:360)
	at org.eclipse.jetty.io.nio.ChannelEndPoint.gatheringFlush(ChannelEndPoint.java:376)
	at org.eclipse.jetty.io.nio.ChannelEndPoint.flush(ChannelEndPoint.java:335)
	at org.eclipse.jetty.io.nio.SelectChannelEndPoint.flush(SelectChannelEndPoint.java:336)
	at org.eclipse.jetty.http.HttpGenerator.flushBuffer(HttpGenerator.java:841)
	... 36 more

2013-10-29 09:28:43
[WARN]-[Thread: qtp30708295-24]-[com.jfinal.plugin.ehcache.CacheKit.getOrAddCache()]: Could not find cache config [initMenu], using default.

2013-10-29 09:29:48
[ERROR]-[Thread: JFinal-Scanner]-[net.sf.ehcache.constructs.web.filter.Filter.init()]: Could not initialise servlet filter.
net.sf.ehcache.CacheException: Error configuring from file:/D:/workspace/mybui/WebRoot/WEB-INF/classes/ehcache.xml. Initial cause was Error configuring from input stream. Initial cause was null:18: Could not finish element <cache>. Message was: net.sf.ehcache.ObjectExistsException: Cannot create cache: menuList with the same name as an existing one.
	at net.sf.ehcache.config.ConfigurationFactory.parseConfiguration(ConfigurationFactory.java:103)
	at net.sf.ehcache.config.ConfigurationFactory.parseConfiguration(ConfigurationFactory.java:138)
	at net.sf.ehcache.CacheManager.parseConfiguration(CacheManager.java:554)
	at net.sf.ehcache.CacheManager.init(CacheManager.java:309)
	at net.sf.ehcache.CacheManager.<init>(CacheManager.java:299)
	at net.sf.ehcache.CacheManager.create(CacheManager.java:697)
	at net.sf.ehcache.CacheManager.getInstance(CacheManager.java:717)
	at net.sf.ehcache.constructs.web.filter.SimplePageCachingFilter.getCacheManager(SimplePageCachingFilter.java:135)
	at net.sf.ehcache.constructs.web.filter.CachingFilter.doInit(CachingFilter.java:123)
	at net.sf.ehcache.constructs.web.filter.Filter.init(Filter.java:189)
	at org.eclipse.jetty.servlet.FilterHolder.doStart(FilterHolder.java:119)
	at org.eclipse.jetty.util.component.AbstractLifeCycle.start(AbstractLifeCycle.java:64)
	at org.eclipse.jetty.servlet.ServletHandler.initialize(ServletHandler.java:724)
	at org.eclipse.jetty.servlet.ServletContextHandler.startContext(ServletContextHandler.java:265)
	at org.eclipse.jetty.webapp.WebAppContext.startContext(WebAppContext.java:1250)
	at org.eclipse.jetty.server.handler.ContextHandler.doStart(ContextHandler.java:706)
	at org.eclipse.jetty.webapp.WebAppContext.doStart(WebAppContext.java:492)
	at org.eclipse.jetty.util.component.AbstractLifeCycle.start(AbstractLifeCycle.java:64)
	at com.jfinal.server.JettyServer$1.onChange(JettyServer.java:103)
	at com.jfinal.server.Scanner.compare(Scanner.java:87)
	at com.jfinal.server.Scanner.working(Scanner.java:56)
	at com.jfinal.server.Scanner.access$0(Scanner.java:54)
	at com.jfinal.server.Scanner$1.run(Scanner.java:93)
	at java.util.TimerThread.mainLoop(Timer.java:512)
	at java.util.TimerThread.run(Timer.java:462)
Caused by: net.sf.ehcache.CacheException: Error configuring from input stream. Initial cause was null:18: Could not finish element <cache>. Message was: net.sf.ehcache.ObjectExistsException: Cannot create cache: menuList with the same name as an existing one.
	at net.sf.ehcache.config.ConfigurationFactory.parseConfiguration(ConfigurationFactory.java:157)
	at net.sf.ehcache.config.ConfigurationFactory.parseConfiguration(ConfigurationFactory.java:101)
	... 24 more
Caused by: org.xml.sax.SAXException: null:18: Could not finish element <cache>. Message was: net.sf.ehcache.ObjectExistsException: Cannot create cache: menuList with the same name as an existing one.
	at net.sf.ehcache.config.BeanHandler.addChild(BeanHandler.java:400)
	at net.sf.ehcache.config.BeanHandler.endElement(BeanHandler.java:135)
	at com.sun.org.apache.xerces.internal.parsers.AbstractSAXParser.endElement(AbstractSAXParser.java:601)
	at com.sun.org.apache.xerces.internal.parsers.AbstractXMLDocumentParser.emptyElement(AbstractXMLDocumentParser.java:180)
	at com.sun.org.apache.xerces.internal.impl.XMLDocumentFragmentScannerImpl.scanStartElement(XMLDocumentFragmentScannerImpl.java:1339)
	at com.sun.org.apache.xerces.internal.impl.XMLDocumentFragmentScannerImpl$FragmentContentDriver.next(XMLDocumentFragmentScannerImpl.java:2747)
	at com.sun.org.apache.xerces.internal.impl.XMLDocumentScannerImpl.next(XMLDocumentScannerImpl.java:648)
	at com.sun.org.apache.xerces.internal.impl.XMLDocumentFragmentScannerImpl.scanDocument(XMLDocumentFragmentScannerImpl.java:510)
	at com.sun.org.apache.xerces.internal.parsers.XML11Configuration.parse(XML11Configuration.java:807)
	at com.sun.org.apache.xerces.internal.parsers.XML11Configuration.parse(XML11Configuration.java:737)
	at com.sun.org.apache.xerces.internal.parsers.XMLParser.parse(XMLParser.java:107)
	at com.sun.org.apache.xerces.internal.parsers.AbstractSAXParser.parse(AbstractSAXParser.java:1205)
	at com.sun.org.apache.xerces.internal.jaxp.SAXParserImpl$JAXPSAXParser.parse(SAXParserImpl.java:522)
	at javax.xml.parsers.SAXParser.parse(SAXParser.java:395)
	at javax.xml.parsers.SAXParser.parse(SAXParser.java:198)
	at net.sf.ehcache.config.ConfigurationFactory.parseConfiguration(ConfigurationFactory.java:155)
	... 25 more

2013-10-29 09:29:48
[WARN]-[Thread: JFinal-Scanner]-[org.eclipse.jetty.util.component.AbstractLifeCycle.setFailed()]: FAILED PageEhCacheFilter: javax.servlet.ServletException: Could not initialise servlet filter.
javax.servlet.ServletException: Could not initialise servlet filter.
	at net.sf.ehcache.constructs.web.filter.Filter.init(Filter.java:192)
	at org.eclipse.jetty.servlet.FilterHolder.doStart(FilterHolder.java:119)
	at org.eclipse.jetty.util.component.AbstractLifeCycle.start(AbstractLifeCycle.java:64)
	at org.eclipse.jetty.servlet.ServletHandler.initialize(ServletHandler.java:724)
	at org.eclipse.jetty.servlet.ServletContextHandler.startContext(ServletContextHandler.java:265)
	at org.eclipse.jetty.webapp.WebAppContext.startContext(WebAppContext.java:1250)
	at org.eclipse.jetty.server.handler.ContextHandler.doStart(ContextHandler.java:706)
	at org.eclipse.jetty.webapp.WebAppContext.doStart(WebAppContext.java:492)
	at org.eclipse.jetty.util.component.AbstractLifeCycle.start(AbstractLifeCycle.java:64)
	at com.jfinal.server.JettyServer$1.onChange(JettyServer.java:103)
	at com.jfinal.server.Scanner.compare(Scanner.java:87)
	at com.jfinal.server.Scanner.working(Scanner.java:56)
	at com.jfinal.server.Scanner.access$0(Scanner.java:54)
	at com.jfinal.server.Scanner$1.run(Scanner.java:93)
	at java.util.TimerThread.mainLoop(Timer.java:512)
	at java.util.TimerThread.run(Timer.java:462)
Caused by: net.sf.ehcache.CacheException: Error configuring from file:/D:/workspace/mybui/WebRoot/WEB-INF/classes/ehcache.xml. Initial cause was Error configuring from input stream. Initial cause was null:18: Could not finish element <cache>. Message was: net.sf.ehcache.ObjectExistsException: Cannot create cache: menuList with the same name as an existing one.
	at net.sf.ehcache.config.ConfigurationFactory.parseConfiguration(ConfigurationFactory.java:103)
	at net.sf.ehcache.config.ConfigurationFactory.parseConfiguration(ConfigurationFactory.java:138)
	at net.sf.ehcache.CacheManager.parseConfiguration(CacheManager.java:554)
	at net.sf.ehcache.CacheManager.init(CacheManager.java:309)
	at net.sf.ehcache.CacheManager.<init>(CacheManager.java:299)
	at net.sf.ehcache.CacheManager.create(CacheManager.java:697)
	at net.sf.ehcache.CacheManager.getInstance(CacheManager.java:717)
	at net.sf.ehcache.constructs.web.filter.SimplePageCachingFilter.getCacheManager(SimplePageCachingFilter.java:135)
	at net.sf.ehcache.constructs.web.filter.CachingFilter.doInit(CachingFilter.java:123)
	at net.sf.ehcache.constructs.web.filter.Filter.init(Filter.java:189)
	... 15 more
Caused by: net.sf.ehcache.CacheException: Error configuring from input stream. Initial cause was null:18: Could not finish element <cache>. Message was: net.sf.ehcache.ObjectExistsException: Cannot create cache: menuList with the same name as an existing one.
	at net.sf.ehcache.config.ConfigurationFactory.parseConfiguration(ConfigurationFactory.java:157)
	at net.sf.ehcache.config.ConfigurationFactory.parseConfiguration(ConfigurationFactory.java:101)
	... 24 more
Caused by: org.xml.sax.SAXException: null:18: Could not finish element <cache>. Message was: net.sf.ehcache.ObjectExistsException: Cannot create cache: menuList with the same name as an existing one.
	at net.sf.ehcache.config.BeanHandler.addChild(BeanHandler.java:400)
	at net.sf.ehcache.config.BeanHandler.endElement(BeanHandler.java:135)
	at com.sun.org.apache.xerces.internal.parsers.AbstractSAXParser.endElement(AbstractSAXParser.java:601)
	at com.sun.org.apache.xerces.internal.parsers.AbstractXMLDocumentParser.emptyElement(AbstractXMLDocumentParser.java:180)
	at com.sun.org.apache.xerces.internal.impl.XMLDocumentFragmentScannerImpl.scanStartElement(XMLDocumentFragmentScannerImpl.java:1339)
	at com.sun.org.apache.xerces.internal.impl.XMLDocumentFragmentScannerImpl$FragmentContentDriver.next(XMLDocumentFragmentScannerImpl.java:2747)
	at com.sun.org.apache.xerces.internal.impl.XMLDocumentScannerImpl.next(XMLDocumentScannerImpl.java:648)
	at com.sun.org.apache.xerces.internal.impl.XMLDocumentFragmentScannerImpl.scanDocument(XMLDocumentFragmentScannerImpl.java:510)
	at com.sun.org.apache.xerces.internal.parsers.XML11Configuration.parse(XML11Configuration.java:807)
	at com.sun.org.apache.xerces.internal.parsers.XML11Configuration.parse(XML11Configuration.java:737)
	at com.sun.org.apache.xerces.internal.parsers.XMLParser.parse(XMLParser.java:107)
	at com.sun.org.apache.xerces.internal.parsers.AbstractSAXParser.parse(AbstractSAXParser.java:1205)
	at com.sun.org.apache.xerces.internal.jaxp.SAXParserImpl$JAXPSAXParser.parse(SAXParserImpl.java:522)
	at javax.xml.parsers.SAXParser.parse(SAXParser.java:395)
	at javax.xml.parsers.SAXParser.parse(SAXParser.java:198)
	at net.sf.ehcache.config.ConfigurationFactory.parseConfiguration(ConfigurationFactory.java:155)
	... 25 more

2013-10-29 09:29:48
[WARN]-[Thread: JFinal-Scanner]-[org.eclipse.jetty.webapp.WebAppContext.doStart()]: Failed startup of context o.e.j.w.WebAppContext{/,file:/D:/workspace/mybui/WebRoot/}
javax.servlet.ServletException: Could not initialise servlet filter.
	at net.sf.ehcache.constructs.web.filter.Filter.init(Filter.java:192)
	at org.eclipse.jetty.servlet.FilterHolder.doStart(FilterHolder.java:119)
	at org.eclipse.jetty.util.component.AbstractLifeCycle.start(AbstractLifeCycle.java:64)
	at org.eclipse.jetty.servlet.ServletHandler.initialize(ServletHandler.java:724)
	at org.eclipse.jetty.servlet.ServletContextHandler.startContext(ServletContextHandler.java:265)
	at org.eclipse.jetty.webapp.WebAppContext.startContext(WebAppContext.java:1250)
	at org.eclipse.jetty.server.handler.ContextHandler.doStart(ContextHandler.java:706)
	at org.eclipse.jetty.webapp.WebAppContext.doStart(WebAppContext.java:492)
	at org.eclipse.jetty.util.component.AbstractLifeCycle.start(AbstractLifeCycle.java:64)
	at com.jfinal.server.JettyServer$1.onChange(JettyServer.java:103)
	at com.jfinal.server.Scanner.compare(Scanner.java:87)
	at com.jfinal.server.Scanner.working(Scanner.java:56)
	at com.jfinal.server.Scanner.access$0(Scanner.java:54)
	at com.jfinal.server.Scanner$1.run(Scanner.java:93)
	at java.util.TimerThread.mainLoop(Timer.java:512)
	at java.util.TimerThread.run(Timer.java:462)
Caused by: net.sf.ehcache.CacheException: Error configuring from file:/D:/workspace/mybui/WebRoot/WEB-INF/classes/ehcache.xml. Initial cause was Error configuring from input stream. Initial cause was null:18: Could not finish element <cache>. Message was: net.sf.ehcache.ObjectExistsException: Cannot create cache: menuList with the same name as an existing one.
	at net.sf.ehcache.config.ConfigurationFactory.parseConfiguration(ConfigurationFactory.java:103)
	at net.sf.ehcache.config.ConfigurationFactory.parseConfiguration(ConfigurationFactory.java:138)
	at net.sf.ehcache.CacheManager.parseConfiguration(CacheManager.java:554)
	at net.sf.ehcache.CacheManager.init(CacheManager.java:309)
	at net.sf.ehcache.CacheManager.<init>(CacheManager.java:299)
	at net.sf.ehcache.CacheManager.create(CacheManager.java:697)
	at net.sf.ehcache.CacheManager.getInstance(CacheManager.java:717)
	at net.sf.ehcache.constructs.web.filter.SimplePageCachingFilter.getCacheManager(SimplePageCachingFilter.java:135)
	at net.sf.ehcache.constructs.web.filter.CachingFilter.doInit(CachingFilter.java:123)
	at net.sf.ehcache.constructs.web.filter.Filter.init(Filter.java:189)
	... 15 more
Caused by: net.sf.ehcache.CacheException: Error configuring from input stream. Initial cause was null:18: Could not finish element <cache>. Message was: net.sf.ehcache.ObjectExistsException: Cannot create cache: menuList with the same name as an existing one.
	at net.sf.ehcache.config.ConfigurationFactory.parseConfiguration(ConfigurationFactory.java:157)
	at net.sf.ehcache.config.ConfigurationFactory.parseConfiguration(ConfigurationFactory.java:101)
	... 24 more
Caused by: org.xml.sax.SAXException: null:18: Could not finish element <cache>. Message was: net.sf.ehcache.ObjectExistsException: Cannot create cache: menuList with the same name as an existing one.
	at net.sf.ehcache.config.BeanHandler.addChild(BeanHandler.java:400)
	at net.sf.ehcache.config.BeanHandler.endElement(BeanHandler.java:135)
	at com.sun.org.apache.xerces.internal.parsers.AbstractSAXParser.endElement(AbstractSAXParser.java:601)
	at com.sun.org.apache.xerces.internal.parsers.AbstractXMLDocumentParser.emptyElement(AbstractXMLDocumentParser.java:180)
	at com.sun.org.apache.xerces.internal.impl.XMLDocumentFragmentScannerImpl.scanStartElement(XMLDocumentFragmentScannerImpl.java:1339)
	at com.sun.org.apache.xerces.internal.impl.XMLDocumentFragmentScannerImpl$FragmentContentDriver.next(XMLDocumentFragmentScannerImpl.java:2747)
	at com.sun.org.apache.xerces.internal.impl.XMLDocumentScannerImpl.next(XMLDocumentScannerImpl.java:648)
	at com.sun.org.apache.xerces.internal.impl.XMLDocumentFragmentScannerImpl.scanDocument(XMLDocumentFragmentScannerImpl.java:510)
	at com.sun.org.apache.xerces.internal.parsers.XML11Configuration.parse(XML11Configuration.java:807)
	at com.sun.org.apache.xerces.internal.parsers.XML11Configuration.parse(XML11Configuration.java:737)
	at com.sun.org.apache.xerces.internal.parsers.XMLParser.parse(XMLParser.java:107)
	at com.sun.org.apache.xerces.internal.parsers.AbstractSAXParser.parse(AbstractSAXParser.java:1205)
	at com.sun.org.apache.xerces.internal.jaxp.SAXParserImpl$JAXPSAXParser.parse(SAXParserImpl.java:522)
	at javax.xml.parsers.SAXParser.parse(SAXParser.java:395)
	at javax.xml.parsers.SAXParser.parse(SAXParser.java:198)
	at net.sf.ehcache.config.ConfigurationFactory.parseConfiguration(ConfigurationFactory.java:155)
	... 25 more

2013-10-29 09:30:16
[WARN]-[Thread: qtp30708295-23]-[net.sf.ehcache.constructs.web.filter.Filter.logThrowable()]: Throwable thrown during doFilter on request with URI: /getSystemInfo and Query: nullnull
org.eclipse.jetty.io.EofException
	at org.eclipse.jetty.http.HttpGenerator.flushBuffer(HttpGenerator.java:914)
	at org.eclipse.jetty.http.AbstractGenerator.flush(AbstractGenerator.java:443)
	at org.eclipse.jetty.server.HttpOutput.flush(HttpOutput.java:100)
	at org.eclipse.jetty.server.AbstractHttpConnection$Output.flush(AbstractHttpConnection.java:1078)
	at org.eclipse.jetty.server.HttpOutput.write(HttpOutput.java:161)
	at org.eclipse.jetty.server.HttpOutput.write(HttpOutput.java:107)
	at java.io.BufferedOutputStream.flushBuffer(BufferedOutputStream.java:65)
	at java.io.BufferedOutputStream.flush(BufferedOutputStream.java:123)
	at net.sf.ehcache.constructs.web.filter.CachingFilter.writeContent(CachingFilter.java:518)
	at net.sf.ehcache.constructs.web.filter.CachingFilter.writeResponse(CachingFilter.java:338)
	at net.sf.ehcache.constructs.web.filter.CachingFilter.doFilter(CachingFilter.java:224)
	at com.hewep.common.PageEhCacheFilter.doFilter(PageEhCacheFilter.java:71)
	at net.sf.ehcache.constructs.web.filter.Filter.doFilter(Filter.java:86)
	at org.eclipse.jetty.servlet.ServletHandler$CachedChain.doFilter(ServletHandler.java:1307)
	at org.eclipse.jetty.servlet.ServletHandler.doHandle(ServletHandler.java:453)
	at org.eclipse.jetty.server.handler.ScopedHandler.handle(ScopedHandler.java:137)
	at org.eclipse.jetty.security.SecurityHandler.handle(SecurityHandler.java:560)
	at org.eclipse.jetty.server.session.SessionHandler.doHandle(SessionHandler.java:231)
	at org.eclipse.jetty.server.handler.ContextHandler.doHandle(ContextHandler.java:1072)
	at org.eclipse.jetty.servlet.ServletHandler.doScope(ServletHandler.java:382)
	at org.eclipse.jetty.server.session.SessionHandler.doScope(SessionHandler.java:193)
	at org.eclipse.jetty.server.handler.ContextHandler.doScope(ContextHandler.java:1006)
	at org.eclipse.jetty.server.handler.ScopedHandler.handle(ScopedHandler.java:135)
	at org.eclipse.jetty.server.handler.HandlerWrapper.handle(HandlerWrapper.java:116)
	at org.eclipse.jetty.server.Server.handle(Server.java:365)
	at org.eclipse.jetty.server.AbstractHttpConnection.handleRequest(AbstractHttpConnection.java:485)
	at org.eclipse.jetty.server.AbstractHttpConnection.headerComplete(AbstractHttpConnection.java:926)
	at org.eclipse.jetty.server.AbstractHttpConnection$RequestHandler.headerComplete(AbstractHttpConnection.java:988)
	at org.eclipse.jetty.http.HttpParser.parseNext(HttpParser.java:635)
	at org.eclipse.jetty.http.HttpParser.parseAvailable(HttpParser.java:235)
	at org.eclipse.jetty.server.AsyncHttpConnection.handle(AsyncHttpConnection.java:82)
	at org.eclipse.jetty.io.nio.SelectChannelEndPoint.handle(SelectChannelEndPoint.java:628)
	at org.eclipse.jetty.io.nio.SelectChannelEndPoint$1.run(SelectChannelEndPoint.java:52)
	at org.eclipse.jetty.util.thread.QueuedThreadPool.runJob(QueuedThreadPool.java:608)
	at org.eclipse.jetty.util.thread.QueuedThreadPool$3.run(QueuedThreadPool.java:543)
	at java.lang.Thread.run(Thread.java:619)
Caused by: java.io.IOException: 远程主机强迫关闭了一个现有的连接。
	at sun.nio.ch.SocketDispatcher.writev0(Native Method)
	at sun.nio.ch.SocketDispatcher.writev(SocketDispatcher.java:37)
	at sun.nio.ch.IOUtil.write(IOUtil.java:164)
	at sun.nio.ch.SocketChannelImpl.write0(SocketChannelImpl.java:365)
	at sun.nio.ch.SocketChannelImpl.write(SocketChannelImpl.java:388)
	at java.nio.channels.SocketChannel.write(SocketChannel.java:360)
	at org.eclipse.jetty.io.nio.ChannelEndPoint.gatheringFlush(ChannelEndPoint.java:376)
	at org.eclipse.jetty.io.nio.ChannelEndPoint.flush(ChannelEndPoint.java:335)
	at org.eclipse.jetty.io.nio.SelectChannelEndPoint.flush(SelectChannelEndPoint.java:336)
	at org.eclipse.jetty.http.HttpGenerator.flushBuffer(HttpGenerator.java:838)
	... 35 more

2013-10-29 09:39:30
[WARN]-[Thread: qtp30708295-27]-[net.sf.ehcache.constructs.web.filter.Filter.logThrowable()]: Throwable thrown during doFilter on request with URI: /bui/css/dpl-min.css and Query: nullnull
org.eclipse.jetty.io.EofException
	at org.eclipse.jetty.http.HttpGenerator.flushBuffer(HttpGenerator.java:914)
	at org.eclipse.jetty.http.HttpGenerator.complete(HttpGenerator.java:798)
	at org.eclipse.jetty.server.AbstractHttpConnection.commitResponse(AbstractHttpConnection.java:615)
	at org.eclipse.jetty.server.AbstractHttpConnection$Output.sendContent(AbstractHttpConnection.java:1169)
	at org.eclipse.jetty.servlet.DefaultServlet.sendData(DefaultServlet.java:831)
	at org.eclipse.jetty.servlet.DefaultServlet.doGet(DefaultServlet.java:513)
	at javax.servlet.http.HttpServlet.service(HttpServlet.java:707)
	at javax.servlet.http.HttpServlet.service(HttpServlet.java:820)
	at org.eclipse.jetty.servlet.ServletHolder.handle(ServletHolder.java:669)
	at org.eclipse.jetty.servlet.ServletHandler$CachedChain.doFilter(ServletHandler.java:1336)
	at com.jfinal.core.JFinalFilter.doFilter(JFinalFilter.java:82)
	at org.eclipse.jetty.servlet.ServletHandler$CachedChain.doFilter(ServletHandler.java:1307)
	at com.hewep.common.PageEhCacheFilter.doFilter(PageEhCacheFilter.java:73)
	at net.sf.ehcache.constructs.web.filter.Filter.doFilter(Filter.java:86)
	at org.eclipse.jetty.servlet.ServletHandler$CachedChain.doFilter(ServletHandler.java:1307)
	at org.eclipse.jetty.servlet.ServletHandler.doHandle(ServletHandler.java:453)
	at org.eclipse.jetty.server.handler.ScopedHandler.handle(ScopedHandler.java:137)
	at org.eclipse.jetty.security.SecurityHandler.handle(SecurityHandler.java:560)
	at org.eclipse.jetty.server.session.SessionHandler.doHandle(SessionHandler.java:231)
	at org.eclipse.jetty.server.handler.ContextHandler.doHandle(ContextHandler.java:1072)
	at org.eclipse.jetty.servlet.ServletHandler.doScope(ServletHandler.java:382)
	at org.eclipse.jetty.server.session.SessionHandler.doScope(SessionHandler.java:193)
	at org.eclipse.jetty.server.handler.ContextHandler.doScope(ContextHandler.java:1006)
	at org.eclipse.jetty.server.handler.ScopedHandler.handle(ScopedHandler.java:135)
	at org.eclipse.jetty.server.handler.HandlerWrapper.handle(HandlerWrapper.java:116)
	at org.eclipse.jetty.server.Server.handle(Server.java:365)
	at org.eclipse.jetty.server.AbstractHttpConnection.handleRequest(AbstractHttpConnection.java:485)
	at org.eclipse.jetty.server.AbstractHttpConnection.headerComplete(AbstractHttpConnection.java:926)
	at org.eclipse.jetty.server.AbstractHttpConnection$RequestHandler.headerComplete(AbstractHttpConnection.java:988)
	at org.eclipse.jetty.http.HttpParser.parseNext(HttpParser.java:635)
	at org.eclipse.jetty.http.HttpParser.parseAvailable(HttpParser.java:235)
	at org.eclipse.jetty.server.AsyncHttpConnection.handle(AsyncHttpConnection.java:82)
	at org.eclipse.jetty.io.nio.SelectChannelEndPoint.handle(SelectChannelEndPoint.java:628)
	at org.eclipse.jetty.io.nio.SelectChannelEndPoint$1.run(SelectChannelEndPoint.java:52)
	at org.eclipse.jetty.util.thread.QueuedThreadPool.runJob(QueuedThreadPool.java:608)
	at org.eclipse.jetty.util.thread.QueuedThreadPool$3.run(QueuedThreadPool.java:543)
	at java.lang.Thread.run(Thread.java:619)
Caused by: java.io.IOException: 远程主机强迫关闭了一个现有的连接。
	at sun.nio.ch.SocketDispatcher.writev0(Native Method)
	at sun.nio.ch.SocketDispatcher.writev(SocketDispatcher.java:37)
	at sun.nio.ch.IOUtil.write(IOUtil.java:164)
	at sun.nio.ch.SocketChannelImpl.write0(SocketChannelImpl.java:365)
	at sun.nio.ch.SocketChannelImpl.write(SocketChannelImpl.java:388)
	at java.nio.channels.SocketChannel.write(SocketChannel.java:360)
	at org.eclipse.jetty.io.nio.ChannelEndPoint.gatheringFlush(ChannelEndPoint.java:376)
	at org.eclipse.jetty.io.nio.ChannelEndPoint.flush(ChannelEndPoint.java:335)
	at org.eclipse.jetty.io.nio.SelectChannelEndPoint.flush(SelectChannelEndPoint.java:336)
	at org.eclipse.jetty.http.HttpGenerator.flushBuffer(HttpGenerator.java:841)
	... 36 more

2013-10-29 09:39:37
[WARN]-[Thread: qtp30708295-25]-[net.sf.ehcache.constructs.web.filter.Filter.logThrowable()]: Throwable thrown during doFilter on request with URI: /bui/css/bui-min.css and Query: nullnull
org.eclipse.jetty.io.EofException
	at org.eclipse.jetty.http.HttpGenerator.flushBuffer(HttpGenerator.java:914)
	at org.eclipse.jetty.http.HttpGenerator.complete(HttpGenerator.java:798)
	at org.eclipse.jetty.server.AbstractHttpConnection.commitResponse(AbstractHttpConnection.java:615)
	at org.eclipse.jetty.server.AbstractHttpConnection$Output.sendContent(AbstractHttpConnection.java:1169)
	at org.eclipse.jetty.servlet.DefaultServlet.sendData(DefaultServlet.java:831)
	at org.eclipse.jetty.servlet.DefaultServlet.doGet(DefaultServlet.java:513)
	at javax.servlet.http.HttpServlet.service(HttpServlet.java:707)
	at javax.servlet.http.HttpServlet.service(HttpServlet.java:820)
	at org.eclipse.jetty.servlet.ServletHolder.handle(ServletHolder.java:669)
	at org.eclipse.jetty.servlet.ServletHandler$CachedChain.doFilter(ServletHandler.java:1336)
	at com.jfinal.core.JFinalFilter.doFilter(JFinalFilter.java:82)
	at org.eclipse.jetty.servlet.ServletHandler$CachedChain.doFilter(ServletHandler.java:1307)
	at com.hewep.common.PageEhCacheFilter.doFilter(PageEhCacheFilter.java:73)
	at net.sf.ehcache.constructs.web.filter.Filter.doFilter(Filter.java:86)
	at org.eclipse.jetty.servlet.ServletHandler$CachedChain.doFilter(ServletHandler.java:1307)
	at org.eclipse.jetty.servlet.ServletHandler.doHandle(ServletHandler.java:453)
	at org.eclipse.jetty.server.handler.ScopedHandler.handle(ScopedHandler.java:137)
	at org.eclipse.jetty.security.SecurityHandler.handle(SecurityHandler.java:560)
	at org.eclipse.jetty.server.session.SessionHandler.doHandle(SessionHandler.java:231)
	at org.eclipse.jetty.server.handler.ContextHandler.doHandle(ContextHandler.java:1072)
	at org.eclipse.jetty.servlet.ServletHandler.doScope(ServletHandler.java:382)
	at org.eclipse.jetty.server.session.SessionHandler.doScope(SessionHandler.java:193)
	at org.eclipse.jetty.server.handler.ContextHandler.doScope(ContextHandler.java:1006)
	at org.eclipse.jetty.server.handler.ScopedHandler.handle(ScopedHandler.java:135)
	at org.eclipse.jetty.server.handler.HandlerWrapper.handle(HandlerWrapper.java:116)
	at org.eclipse.jetty.server.Server.handle(Server.java:365)
	at org.eclipse.jetty.server.AbstractHttpConnection.handleRequest(AbstractHttpConnection.java:485)
	at org.eclipse.jetty.server.AbstractHttpConnection.headerComplete(AbstractHttpConnection.java:926)
	at org.eclipse.jetty.server.AbstractHttpConnection$RequestHandler.headerComplete(AbstractHttpConnection.java:988)
	at org.eclipse.jetty.http.HttpParser.parseNext(HttpParser.java:635)
	at org.eclipse.jetty.http.HttpParser.parseAvailable(HttpParser.java:235)
	at org.eclipse.jetty.server.AsyncHttpConnection.handle(AsyncHttpConnection.java:82)
	at org.eclipse.jetty.io.nio.SelectChannelEndPoint.handle(SelectChannelEndPoint.java:628)
	at org.eclipse.jetty.io.nio.SelectChannelEndPoint$1.run(SelectChannelEndPoint.java:52)
	at org.eclipse.jetty.util.thread.QueuedThreadPool.runJob(QueuedThreadPool.java:608)
	at org.eclipse.jetty.util.thread.QueuedThreadPool$3.run(QueuedThreadPool.java:543)
	at java.lang.Thread.run(Thread.java:619)
Caused by: java.io.IOException: 远程主机强迫关闭了一个现有的连接。
	at sun.nio.ch.SocketDispatcher.writev0(Native Method)
	at sun.nio.ch.SocketDispatcher.writev(SocketDispatcher.java:37)
	at sun.nio.ch.IOUtil.write(IOUtil.java:164)
	at sun.nio.ch.SocketChannelImpl.write0(SocketChannelImpl.java:365)
	at sun.nio.ch.SocketChannelImpl.write(SocketChannelImpl.java:388)
	at java.nio.channels.SocketChannel.write(SocketChannel.java:360)
	at org.eclipse.jetty.io.nio.ChannelEndPoint.gatheringFlush(ChannelEndPoint.java:376)
	at org.eclipse.jetty.io.nio.ChannelEndPoint.flush(ChannelEndPoint.java:335)
	at org.eclipse.jetty.io.nio.SelectChannelEndPoint.flush(SelectChannelEndPoint.java:336)
	at org.eclipse.jetty.http.HttpGenerator.flushBuffer(HttpGenerator.java:841)
	... 36 more

2013-10-29 09:39:40
[WARN]-[Thread: qtp30708295-26]-[net.sf.ehcache.constructs.web.filter.Filter.logThrowable()]: Throwable thrown during doFilter on request with URI: /mybui and Query: nullnull
org.eclipse.jetty.io.EofException
	at org.eclipse.jetty.http.HttpGenerator.flushBuffer(HttpGenerator.java:914)
	at org.eclipse.jetty.http.AbstractGenerator.flush(AbstractGenerator.java:443)
	at org.eclipse.jetty.server.HttpOutput.flush(HttpOutput.java:100)
	at org.eclipse.jetty.server.AbstractHttpConnection$Output.flush(AbstractHttpConnection.java:1078)
	at org.eclipse.jetty.server.HttpOutput.write(HttpOutput.java:161)
	at org.eclipse.jetty.server.HttpOutput.write(HttpOutput.java:107)
	at java.io.BufferedOutputStream.flushBuffer(BufferedOutputStream.java:65)
	at java.io.BufferedOutputStream.flush(BufferedOutputStream.java:123)
	at net.sf.ehcache.constructs.web.filter.CachingFilter.writeContent(CachingFilter.java:518)
	at net.sf.ehcache.constructs.web.filter.CachingFilter.writeResponse(CachingFilter.java:338)
	at net.sf.ehcache.constructs.web.filter.CachingFilter.doFilter(CachingFilter.java:224)
	at com.hewep.common.PageEhCacheFilter.doFilter(PageEhCacheFilter.java:71)
	at net.sf.ehcache.constructs.web.filter.Filter.doFilter(Filter.java:86)
	at org.eclipse.jetty.servlet.ServletHandler$CachedChain.doFilter(ServletHandler.java:1307)
	at org.eclipse.jetty.servlet.ServletHandler.doHandle(ServletHandler.java:453)
	at org.eclipse.jetty.server.handler.ScopedHandler.handle(ScopedHandler.java:137)
	at org.eclipse.jetty.security.SecurityHandler.handle(SecurityHandler.java:560)
	at org.eclipse.jetty.server.session.SessionHandler.doHandle(SessionHandler.java:231)
	at org.eclipse.jetty.server.handler.ContextHandler.doHandle(ContextHandler.java:1072)
	at org.eclipse.jetty.servlet.ServletHandler.doScope(ServletHandler.java:382)
	at org.eclipse.jetty.server.session.SessionHandler.doScope(SessionHandler.java:193)
	at org.eclipse.jetty.server.handler.ContextHandler.doScope(ContextHandler.java:1006)
	at org.eclipse.jetty.server.handler.ScopedHandler.handle(ScopedHandler.java:135)
	at org.eclipse.jetty.server.handler.HandlerWrapper.handle(HandlerWrapper.java:116)
	at org.eclipse.jetty.server.Server.handle(Server.java:365)
	at org.eclipse.jetty.server.AbstractHttpConnection.handleRequest(AbstractHttpConnection.java:485)
	at org.eclipse.jetty.server.AbstractHttpConnection.headerComplete(AbstractHttpConnection.java:926)
	at org.eclipse.jetty.server.AbstractHttpConnection$RequestHandler.headerComplete(AbstractHttpConnection.java:988)
	at org.eclipse.jetty.http.HttpParser.parseNext(HttpParser.java:635)
	at org.eclipse.jetty.http.HttpParser.parseAvailable(HttpParser.java:235)
	at org.eclipse.jetty.server.AsyncHttpConnection.handle(AsyncHttpConnection.java:82)
	at org.eclipse.jetty.io.nio.SelectChannelEndPoint.handle(SelectChannelEndPoint.java:628)
	at org.eclipse.jetty.io.nio.SelectChannelEndPoint$1.run(SelectChannelEndPoint.java:52)
	at org.eclipse.jetty.util.thread.QueuedThreadPool.runJob(QueuedThreadPool.java:608)
	at org.eclipse.jetty.util.thread.QueuedThreadPool$3.run(QueuedThreadPool.java:543)
	at java.lang.Thread.run(Thread.java:619)
Caused by: java.io.IOException: 远程主机强迫关闭了一个现有的连接。
	at sun.nio.ch.SocketDispatcher.writev0(Native Method)
	at sun.nio.ch.SocketDispatcher.writev(SocketDispatcher.java:37)
	at sun.nio.ch.IOUtil.write(IOUtil.java:164)
	at sun.nio.ch.SocketChannelImpl.write0(SocketChannelImpl.java:365)
	at sun.nio.ch.SocketChannelImpl.write(SocketChannelImpl.java:388)
	at java.nio.channels.SocketChannel.write(SocketChannel.java:360)
	at org.eclipse.jetty.io.nio.ChannelEndPoint.gatheringFlush(ChannelEndPoint.java:376)
	at org.eclipse.jetty.io.nio.ChannelEndPoint.flush(ChannelEndPoint.java:335)
	at org.eclipse.jetty.io.nio.SelectChannelEndPoint.flush(SelectChannelEndPoint.java:336)
	at org.eclipse.jetty.http.HttpGenerator.flushBuffer(HttpGenerator.java:838)
	... 35 more
